<?xml version="1.0" encoding="UTF-8"?>
<!-- Generated by org.testng.reporters.JUnitReportReporter -->
<testsuite skipped="0" hostname="PC329604" name="learnauto.Myclass" tests="1" failures="0" timestamp="08 Nov 2017 07:13:11 GMT" time="0.041" errors="0">
  <testcase name="read_xml" time="0.041" classname="learnauto.Myclass"/>
</testsuite> <!-- learnauto.Myclass -->
